<?xml version="1.0" encoding="UTF-8"?>
<!-- Generated by org.testng.reporters.JUnitReportReporter -->
<testsuite hostname="DESKTOP-CTNIRRU" failures="0" tests="4" name="testNGBasics.TestNGSelenium" time="15.738" errors="0" timestamp="2025-05-17T08:51:52 IST" skipped="0">
  <testcase classname="testNGBasics.TestNGSelenium" name="dbPageTextValidation" time="2.485"/>
  <testcase classname="testNGBasics.TestNGSelenium" name="retRiveButtonTexts" time="3.257"/>
  <testcase classname="testNGBasics.TestNGSelenium" name="seleniumTest" time="1.992"/>
  <testcase classname="testNGBasics.TestNGSelenium" name="assignLeaveButton" time="8.004"/>
</testsuite> <!-- testNGBasics.TestNGSelenium -->
