<?xml version="1.0" encoding="UTF-8"?>
<!-- Generated by org.testng.reporters.JUnitReportReporter -->
<testsuite hostname="DESKTOP-CTNIRRU" failures="0" tests="2" name="testNGBasics.TestNGLearn" time="0.006" errors="0" timestamp="2025-05-18T08:27:24 IST" skipped="0">
  <testcase classname="testNGBasics.TestNGLearn" name="testNGMethod1" time="0.004"/>
  <testcase classname="testNGBasics.TestNGLearn" name="testNGMethod" time="0.002"/>
</testsuite> <!-- testNGBasics.TestNGLearn -->
