<?xml version="1.0" encoding="UTF-8"?>
<!-- Generated by org.testng.reporters.JUnitReportReporter -->
<testsuite hostname="DESKTOP-CTNIRRU" failures="0" tests="2" name="testNGBasics.AdminTest" time="6.683" errors="0" timestamp="2025-05-20T07:39:16 IST" skipped="0">
  <testcase classname="testNGBasics.AdminTest" name="headingTest" time="3.878"/>
  <testcase classname="testNGBasics.AdminTest" name="tableData" time="2.805"/>
</testsuite> <!-- testNGBasics.AdminTest -->
