<?xml version="1.0" encoding="UTF-8"?>
<!-- Generated by org.testng.reporters.JUnitReportReporter -->
<testsuite hostname="DESKTOP-CTNIRRU" failures="0" tests="4" name="testNGBasics.DashBoardTest" time="16.405" errors="0" timestamp="2025-05-20T07:45:06 IST" skipped="0">
  <testcase classname="testNGBasics.DashBoardTest" name="assignLeaveButton" time="8.088"/>
  <testcase classname="testNGBasics.DashBoardTest" name="seleniumTest" time="1.544"/>
  <testcase classname="testNGBasics.DashBoardTest" name="retRiveButtonTexts" time="3.145"/>
  <testcase classname="testNGBasics.DashBoardTest" name="dbPageTextValidation" time="3.628"/>
</testsuite> <!-- testNGBasics.DashBoardTest -->
